2019-06-08 09:28:20,339 ERROR 17888 [-/::1/-/12ms GET /news] nodejs.Error: Please set config.keys first
    at Application.get keys [as keys] (C:\Users\lenovo\graphql\node_modules\egg\lib\application.js:257:15)
    at Object.get cookies [as cookies] (C:\Users\lenovo\graphql\node_modules\egg\app\extend\context.js:22:66)
    at Object.get [egg-security#CSRF_SECRET] (C:\Users\lenovo\graphql\node_modules\egg-security\app\extend\context.js:86:33)
    at Object.ensureCsrfSecret (C:\Users\lenovo\graphql\node_modules\egg-security\app\extend\context.js:97:13)
    at csrf (C:\Users\lenovo\graphql\node_modules\egg-security\lib\middlewares\csrf.js:14:9)
    at dispatch (C:\Users\lenovo\graphql\node_modules\egg-security\node_modules\koa-compose\index.js:42:32)
    at C:\Users\lenovo\graphql\node_modules\egg-security\node_modules\koa-compose\index.js:34:12
    at dispatch (C:\Users\lenovo\graphql\node_modules\koa\node_modules\koa-compose\index.js:42:32)
    at session (C:\Users\lenovo\graphql\node_modules\koa-session\index.js:41:13)
    at dispatch (C:\Users\lenovo\graphql\node_modules\koa\node_modules\koa-compose\index.js:42:32)

pid: 17888
hostname: DESKTOP-7GV4RCT

2019-06-08 09:28:21,743 ERROR 17888 [-/::1/-/46ms GET /] nodejs.Error: Please set config.keys first
    at Application.get keys [as keys] (C:\Users\lenovo\graphql\node_modules\egg\lib\application.js:257:15)
    at Object.get cookies [as cookies] (C:\Users\lenovo\graphql\node_modules\egg\app\extend\context.js:22:66)
    at Object.get [egg-security#CSRF_SECRET] (C:\Users\lenovo\graphql\node_modules\egg-security\app\extend\context.js:86:33)
    at Object.ensureCsrfSecret (C:\Users\lenovo\graphql\node_modules\egg-security\app\extend\context.js:97:13)
    at csrf (C:\Users\lenovo\graphql\node_modules\egg-security\lib\middlewares\csrf.js:14:9)
    at dispatch (C:\Users\lenovo\graphql\node_modules\egg-security\node_modules\koa-compose\index.js:42:32)
    at C:\Users\lenovo\graphql\node_modules\egg-security\node_modules\koa-compose\index.js:34:12
    at dispatch (C:\Users\lenovo\graphql\node_modules\koa\node_modules\koa-compose\index.js:42:32)
    at session (C:\Users\lenovo\graphql\node_modules\koa-session\index.js:41:13)
    at dispatch (C:\Users\lenovo\graphql\node_modules\koa\node_modules\koa-compose\index.js:42:32)

pid: 17888
hostname: DESKTOP-7GV4RCT

2019-06-08 09:34:43,722 ERROR 17888 [-/::1/-/0ms GET /] nodejs.Error: Please set config.keys first
    at Application.get keys [as keys] (C:\Users\lenovo\graphql\node_modules\egg\lib\application.js:257:15)
    at Object.get cookies [as cookies] (C:\Users\lenovo\graphql\node_modules\egg\app\extend\context.js:22:66)
    at Object.get [egg-security#CSRF_SECRET] (C:\Users\lenovo\graphql\node_modules\egg-security\app\extend\context.js:86:33)
    at Object.ensureCsrfSecret (C:\Users\lenovo\graphql\node_modules\egg-security\app\extend\context.js:97:13)
    at csrf (C:\Users\lenovo\graphql\node_modules\egg-security\lib\middlewares\csrf.js:14:9)
    at dispatch (C:\Users\lenovo\graphql\node_modules\egg-security\node_modules\koa-compose\index.js:42:32)
    at C:\Users\lenovo\graphql\node_modules\egg-security\node_modules\koa-compose\index.js:34:12
    at dispatch (C:\Users\lenovo\graphql\node_modules\koa\node_modules\koa-compose\index.js:42:32)
    at session (C:\Users\lenovo\graphql\node_modules\koa-session\index.js:41:13)
    at dispatch (C:\Users\lenovo\graphql\node_modules\koa\node_modules\koa-compose\index.js:42:32)

pid: 17888
hostname: DESKTOP-7GV4RCT

2019-06-08 09:34:45,941 ERROR 17888 [-/::1/-/11ms GET /] nodejs.Error: Please set config.keys first
    at Application.get keys [as keys] (C:\Users\lenovo\graphql\node_modules\egg\lib\application.js:257:15)
    at Object.get cookies [as cookies] (C:\Users\lenovo\graphql\node_modules\egg\app\extend\context.js:22:66)
    at Object.get [egg-security#CSRF_SECRET] (C:\Users\lenovo\graphql\node_modules\egg-security\app\extend\context.js:86:33)
    at Object.ensureCsrfSecret (C:\Users\lenovo\graphql\node_modules\egg-security\app\extend\context.js:97:13)
    at csrf (C:\Users\lenovo\graphql\node_modules\egg-security\lib\middlewares\csrf.js:14:9)
    at dispatch (C:\Users\lenovo\graphql\node_modules\egg-security\node_modules\koa-compose\index.js:42:32)
    at C:\Users\lenovo\graphql\node_modules\egg-security\node_modules\koa-compose\index.js:34:12
    at dispatch (C:\Users\lenovo\graphql\node_modules\koa\node_modules\koa-compose\index.js:42:32)
    at session (C:\Users\lenovo\graphql\node_modules\koa-session\index.js:41:13)
    at dispatch (C:\Users\lenovo\graphql\node_modules\koa\node_modules\koa-compose\index.js:42:32)

pid: 17888
hostname: DESKTOP-7GV4RCT

2019-06-08 10:33:16,553 ERROR 16032 [-/::1/-/55ms POST /graphql?] nodejs.Error: "Query" defined in resolvers, but not in schema
Error: "Query" defined in resolvers, but not in schema

pid: 16032
hostname: DESKTOP-7GV4RCT

2019-06-08 10:33:16,565 ERROR 16032 [-/::1/-/3ms POST /graphql?] nodejs.Error: "Query" defined in resolvers, but not in schema
Error: "Query" defined in resolvers, but not in schema

pid: 16032
hostname: DESKTOP-7GV4RCT

2019-06-08 10:36:14,132 ERROR 15524 [-/::1/-/72ms POST /graphql?] nodejs.GraphQLError: Syntax Error: Expected :, found {
    at syntaxError (C:\Users\lenovo\graphql\node_modules\graphql\error\syntaxError.js:24:10)
    at expect (C:\Users\lenovo\graphql\node_modules\graphql\language\parser.js:1299:32)
    at parseFieldDefinition (C:\Users\lenovo\graphql\node_modules\graphql\language\parser.js:811:3)
    at many (C:\Users\lenovo\graphql\node_modules\graphql\language\parser.js:1348:16)
    at parseFieldsDefinition (C:\Users\lenovo\graphql\node_modules\graphql\language\parser.js:799:50)
    at parseObjectTypeDefinition (C:\Users\lenovo\graphql\node_modules\graphql\language\parser.js:757:16)
    at parseTypeSystemDefinition (C:\Users\lenovo\graphql\node_modules\graphql\language\parser.js:663:16)
    at parseDefinition (C:\Users\lenovo\graphql\node_modules\graphql\language\parser.js:143:16)
    at parseDocument (C:\Users\lenovo\graphql\node_modules\graphql\language\parser.js:110:22)
    at Object.parse (C:\Users\lenovo\graphql\node_modules\graphql\language\parser.js:38:10)
    at Object.buildSchemaFromTypeDefinitions (C:\Users\lenovo\graphql\node_modules\graphql-tools\dist\generate\buildSchemaFromTypeDefinitions.js:20:33)
    at makeExecutableSchema (C:\Users\lenovo\graphql\node_modules\graphql-tools\dist\makeExecutableSchema.js:27:29)
    at Application.get (C:\Users\lenovo\graphql\node_modules\egg-graphql\lib\load_schema.js:72:31)
    at C:\Users\lenovo\graphql\node_modules\egg-graphql\app\middleware\graphql.js:60:21
    at dispatch (C:\Users\lenovo\graphql\node_modules\koa\node_modules\koa-compose\index.js:42:32)
    at C:\Users\lenovo\graphql\node_modules\egg-development\app\middleware\egg_loader_trace.js:9:56
message: "Syntax Error: Expected :, found {"
locations: [{"line":2,"column":18}]
path: undefined
pid: 15524
hostname: DESKTOP-7GV4RCT

2019-06-08 10:36:14,199 ERROR 15524 [-/::1/-/2ms POST /graphql?] nodejs.GraphQLError: Syntax Error: Expected :, found {
    at syntaxError (C:\Users\lenovo\graphql\node_modules\graphql\error\syntaxError.js:24:10)
    at expect (C:\Users\lenovo\graphql\node_modules\graphql\language\parser.js:1299:32)
    at parseFieldDefinition (C:\Users\lenovo\graphql\node_modules\graphql\language\parser.js:811:3)
    at many (C:\Users\lenovo\graphql\node_modules\graphql\language\parser.js:1348:16)
    at parseFieldsDefinition (C:\Users\lenovo\graphql\node_modules\graphql\language\parser.js:799:50)
    at parseObjectTypeDefinition (C:\Users\lenovo\graphql\node_modules\graphql\language\parser.js:757:16)
    at parseTypeSystemDefinition (C:\Users\lenovo\graphql\node_modules\graphql\language\parser.js:663:16)
    at parseDefinition (C:\Users\lenovo\graphql\node_modules\graphql\language\parser.js:143:16)
    at parseDocument (C:\Users\lenovo\graphql\node_modules\graphql\language\parser.js:110:22)
    at Object.parse (C:\Users\lenovo\graphql\node_modules\graphql\language\parser.js:38:10)
    at Object.buildSchemaFromTypeDefinitions (C:\Users\lenovo\graphql\node_modules\graphql-tools\dist\generate\buildSchemaFromTypeDefinitions.js:20:33)
    at makeExecutableSchema (C:\Users\lenovo\graphql\node_modules\graphql-tools\dist\makeExecutableSchema.js:27:29)
    at Application.get (C:\Users\lenovo\graphql\node_modules\egg-graphql\lib\load_schema.js:72:31)
    at C:\Users\lenovo\graphql\node_modules\egg-graphql\app\middleware\graphql.js:60:21
    at dispatch (C:\Users\lenovo\graphql\node_modules\koa\node_modules\koa-compose\index.js:42:32)
    at C:\Users\lenovo\graphql\node_modules\egg-development\app\middleware\egg_loader_trace.js:9:56
message: "Syntax Error: Expected :, found {"
locations: [{"line":2,"column":18}]
path: undefined
pid: 15524
hostname: DESKTOP-7GV4RCT

2019-06-08 10:37:50,165 ERROR 12768 [-/::1/-/55ms POST /graphql?] nodejs.Error: "Query" defined in resolvers, but not in schema
Error: "Query" defined in resolvers, but not in schema

pid: 12768
hostname: DESKTOP-7GV4RCT

2019-06-08 10:37:50,176 ERROR 12768 [-/::1/-/3ms POST /graphql?] nodejs.Error: "Query" defined in resolvers, but not in schema
Error: "Query" defined in resolvers, but not in schema

pid: 12768
hostname: DESKTOP-7GV4RCT

2019-06-08 10:41:54,894 ERROR 10060 nodejs.unhandledExceptionError: read ECONNRESET
    at _errnoException (util.js:992:11)
    at TCP.onread (net.js:618:25)
code: "ECONNRESET"
errno: "ECONNRESET"
syscall: "read"
name: "unhandledExceptionError"
pid: 10060
hostname: DESKTOP-7GV4RCT

2019-06-08 10:42:05,218 ERROR 10060 nodejs.unhandledExceptionError: read ECONNRESET
    at _errnoException (util.js:992:11)
    at TCP.onread (net.js:618:25)
code: "ECONNRESET"
errno: "ECONNRESET"
syscall: "read"
name: "unhandledExceptionError"
pid: 10060
hostname: DESKTOP-7GV4RCT

2019-06-08 11:43:08,237 ERROR 9044 [-/::1/-/41ms POST /graphql?] nodejs.GraphQLError: Syntax Error: Expected Name, found )
    at syntaxError (C:\Users\lenovo\graphql\node_modules\graphql\error\syntaxError.js:24:10)
    at expect (C:\Users\lenovo\graphql\node_modules\graphql\language\parser.js:1299:32)
    at parseName (C:\Users\lenovo\graphql\node_modules\graphql\language\parser.js:92:15)
    at parseInputValueDef (C:\Users\lenovo\graphql\node_modules\graphql\language\parser.js:842:14)
    at many (C:\Users\lenovo\graphql\node_modules\graphql\language\parser.js:1348:16)
    at parseArgumentDefs (C:\Users\lenovo\graphql\node_modules\graphql\language\parser.js:832:10)
    at parseFieldDefinition (C:\Users\lenovo\graphql\node_modules\graphql\language\parser.js:810:14)
    at many (C:\Users\lenovo\graphql\node_modules\graphql\language\parser.js:1350:16)
    at parseFieldsDefinition (C:\Users\lenovo\graphql\node_modules\graphql\language\parser.js:799:50)
    at parseObjectTypeDefinition (C:\Users\lenovo\graphql\node_modules\graphql\language\parser.js:757:16)
    at parseTypeSystemDefinition (C:\Users\lenovo\graphql\node_modules\graphql\language\parser.js:663:16)
    at parseDefinition (C:\Users\lenovo\graphql\node_modules\graphql\language\parser.js:143:16)
    at parseDocument (C:\Users\lenovo\graphql\node_modules\graphql\language\parser.js:110:22)
    at Object.parse (C:\Users\lenovo\graphql\node_modules\graphql\language\parser.js:38:10)
    at Object.buildSchemaFromTypeDefinitions (C:\Users\lenovo\graphql\node_modules\graphql-tools\dist\generate\buildSchemaFromTypeDefinitions.js:20:33)
    at makeExecutableSchema (C:\Users\lenovo\graphql\node_modules\graphql-tools\dist\makeExecutableSchema.js:27:29)
message: "Syntax Error: Expected Name, found )"
locations: [{"line":3,"column":11}]
path: undefined
pid: 9044
hostname: DESKTOP-7GV4RCT

2019-06-08 11:43:08,246 ERROR 9044 [-/::1/-/1ms POST /graphql?] nodejs.GraphQLError: Syntax Error: Expected Name, found )
    at syntaxError (C:\Users\lenovo\graphql\node_modules\graphql\error\syntaxError.js:24:10)
    at expect (C:\Users\lenovo\graphql\node_modules\graphql\language\parser.js:1299:32)
    at parseName (C:\Users\lenovo\graphql\node_modules\graphql\language\parser.js:92:15)
    at parseInputValueDef (C:\Users\lenovo\graphql\node_modules\graphql\language\parser.js:842:14)
    at many (C:\Users\lenovo\graphql\node_modules\graphql\language\parser.js:1348:16)
    at parseArgumentDefs (C:\Users\lenovo\graphql\node_modules\graphql\language\parser.js:832:10)
    at parseFieldDefinition (C:\Users\lenovo\graphql\node_modules\graphql\language\parser.js:810:14)
    at many (C:\Users\lenovo\graphql\node_modules\graphql\language\parser.js:1350:16)
    at parseFieldsDefinition (C:\Users\lenovo\graphql\node_modules\graphql\language\parser.js:799:50)
    at parseObjectTypeDefinition (C:\Users\lenovo\graphql\node_modules\graphql\language\parser.js:757:16)
    at parseTypeSystemDefinition (C:\Users\lenovo\graphql\node_modules\graphql\language\parser.js:663:16)
    at parseDefinition (C:\Users\lenovo\graphql\node_modules\graphql\language\parser.js:143:16)
    at parseDocument (C:\Users\lenovo\graphql\node_modules\graphql\language\parser.js:110:22)
    at Object.parse (C:\Users\lenovo\graphql\node_modules\graphql\language\parser.js:38:10)
    at Object.buildSchemaFromTypeDefinitions (C:\Users\lenovo\graphql\node_modules\graphql-tools\dist\generate\buildSchemaFromTypeDefinitions.js:20:33)
    at makeExecutableSchema (C:\Users\lenovo\graphql\node_modules\graphql-tools\dist\makeExecutableSchema.js:27:29)
message: "Syntax Error: Expected Name, found )"
locations: [{"line":3,"column":11}]
path: undefined
pid: 9044
hostname: DESKTOP-7GV4RCT

2019-06-08 12:38:12,754 ERROR 15796 nodejs.ClusterClientNoResponseError: client no response in 748755ms exceeding maxIdleTime 60000ms, maybe the connection is close on other side.
    at Timeout.Leader._heartbeatTimer.setInterval [as _onTimeout] (C:\Users\lenovo\graphql\node_modules\cluster-client\lib\leader.js:77:23)
    at ontimeout (timers.js:498:11)
    at tryOnTimeout (timers.js:323:5)
    at Timer.listOnTimeout (timers.js:290:5)
name: "ClusterClientNoResponseError"
pid: 15796
hostname: DESKTOP-7GV4RCT

